Using pre-set license
Built from '2020.3/staging' branch; Version is '2020.3.17f1 (a4537701e4ab) revision 10769271'; Using compiler version '192528614'; Build Type 'Release'
OS: 'Windows 10 Education; OS build 19044.1348; Version 2009; 64bit' Language: 'en' Physical Memory: 16301 MB
BatchMode: 1, IsHumanControllingUs: 0, StartBugReporterOnCrash: 0, Is64bit: 1, IsPro: 0

COMMAND LINE ARGUMENTS:
D:\Unity\2020.3.17f1\Editor\Unity.exe
-adb2
-batchMode
-noUpm
-name
AssetImportWorker0
-projectPath
D:/GarudaHack/MethaShop
-logFile
Logs/AssetImportWorker0.log
-srvPort
60105
Successfully changed project path to: D:/GarudaHack/MethaShop
D:/GarudaHack/MethaShop
Using Asset Import Pipeline V2.
Refreshing native plugins compatible for Editor in 47.54 ms, found 10 plugins.
Preloading 1 native plugins for Editor in 0.69 ms.
Initialize engine version: 2020.3.17f1 (a4537701e4ab)
[Subsystems] Discovering subsystems at path D:/Unity/2020.3.17f1/Editor/Data/Resources/UnitySubsystems
[Subsystems] Discovering subsystems at path D:/GarudaHack/MethaShop/Assets
GfxDevice: creating device client; threaded=0
Direct3D:
    Version:  Direct3D 11.0 [level 11.1]
    Renderer: NVIDIA GeForce GTX 1060 6GB (ID=0x1c03)
    Vendor:   
    VRAM:     6052 MB
    Driver:   30.0.14.7168
Initialize mono
Mono path[0] = 'D:/Unity/2020.3.17f1/Editor/Data/Managed'
Mono path[1] = 'D:/Unity/2020.3.17f1/Editor/Data/MonoBleedingEdge/lib/mono/unityjit'
Mono config path = 'D:/Unity/2020.3.17f1/Editor/Data/MonoBleedingEdge/etc'
Using monoOptions --debugger-agent=transport=dt_socket,embedding=1,server=y,suspend=n,address=127.0.0.1:56104
Begin MonoManager ReloadAssembly
Registering precompiled unity dll's ...
Register platform support module: D:/Unity/2020.3.17f1/Editor/Data/PlaybackEngines/WebGLSupport/UnityEditor.WebGL.Extensions.dll
Register platform support module: D:/Unity/2020.3.17f1/Editor/Data/PlaybackEngines/WindowsStandaloneSupport/UnityEditor.WindowsStandalone.Extensions.dll
Registered in 0.001096 seconds.
Native extension for WindowsStandalone target not found
Native extension for WebGL target not found
Refreshing native plugins compatible for Editor in 39.61 ms, found 10 plugins.
Preloading 1 native plugins for Editor in 0.04 ms.
Mono: successfully reloaded assembly
- Completed reload, in  1.907 seconds
Domain Reload Profiling:
	ReloadAssembly (1908ms)
		BeginReloadAssembly (57ms)
			ExecutionOrderSort (0ms)
			DisableScriptedObjects (0ms)
			BackupInstance (0ms)
			ReleaseScriptingObjects (0ms)
			CreateAndSetChildDomain (1ms)
		EndReloadAssembly (924ms)
			LoadAssemblies (56ms)
			RebuildTransferFunctionScriptingTraits (0ms)
			SetupTypeCache (152ms)
			ReleaseScriptCaches (0ms)
			RebuildScriptCaches (23ms)
			SetupLoadedEditorAssemblies (137ms)
				LogAssemblyErrors (0ms)
				InitializePlatformSupportModulesInManaged (4ms)
				SetLoadedEditorAssemblies (0ms)
				RefreshPlugins (40ms)
				BeforeProcessingInitializeOnLoad (13ms)
				ProcessInitializeOnLoadAttributes (59ms)
				ProcessInitializeOnLoadMethodAttributes (21ms)
				AfterProcessingInitializeOnLoad (0ms)
				EditorAssembliesLoaded (0ms)
			ExecutionOrderSort2 (0ms)
			AwakeInstancesAfterBackupRestoration (0ms)
Platform modules already initialized, skipping
Registering precompiled user dll's ...
Registered in 0.007132 seconds.
Begin MonoManager ReloadAssembly
Native extension for WindowsStandalone target not found
Native extension for WebGL target not found
Refreshing native plugins compatible for Editor in 38.73 ms, found 10 plugins.
Preloading 1 native plugins for Editor in 0.04 ms.
[XR] OculusXRPlugin: registering subsystems
[XR] Unable to register display lifecyle provider: [1]
[XR] Oculus Input lifecycle provider registered.
[XR] Unable to register input lifecyle provider: [1]
System.Reflection.TargetInvocationException: Exception has been thrown by the target of an invocation. ---> System.NullReferenceException: Object reference not set to an instance of an object
  at Unity.XR.Oculus.OculusLoader.AssetPathToAbsolutePath (System.String assetPath) [0x00048] in D:\GarudaHack\MethaShop\Library\PackageCache\com.unity.xr.oculus@1.10.0\Runtime\OculusLoader.cs:250 
  at Unity.XR.Oculus.OculusLoader.EditorLoadOVRPlugin () [0x0007b] in D:\GarudaHack\MethaShop\Library\PackageCache\com.unity.xr.oculus@1.10.0\Runtime\OculusLoader.cs:235 
  at (wrapper managed-to-native) System.Reflection.MonoMethod.InternalInvoke(System.Reflection.MonoMethod,object,object[],System.Exception&)
  at System.Reflection.MonoMethod.Invoke (System.Object obj, System.Reflection.BindingFlags invokeAttr, System.Reflection.Binder binder, System.Object[] parameters, System.Globalization.CultureInfo culture) [0x00032] in <695d1cc93cca45069c528c15c9fdd749>:0 
   --- End of inner exception stack trace ---
  at System.Reflection.MonoMethod.Invoke (System.Object obj, System.Reflection.BindingFlags invokeAttr, System.Reflection.Binder binder, System.Object[] parameters, System.Globalization.CultureInfo culture) [0x00048] in <695d1cc93cca45069c528c15c9fdd749>:0 
  at System.Reflection.MethodBase.Invoke (System.Object obj, System.Object[] parameters) [0x00000] in <695d1cc93cca45069c528c15c9fdd749>:0 
  at UnityEditor.EditorAssemblies.ProcessInitializeOnLoadMethodAttributes () [0x00047] in <d0e4b8c1204147f3935b6e9c8b8565ad>:0 
UnityEngine.StackTraceUtility:ExtractStackTrace ()
UnityEngine.DebugLogHandler:LogFormat (UnityEngine.LogType,UnityEngine.Object,string,object[])
UnityEngine.Logger:Log (UnityEngine.LogType,object)
UnityEngine.Debug:LogError (object)
UnityEditor.EditorAssemblies:ProcessInitializeOnLoadMethodAttributes ()

Mono: successfully reloaded assembly
- Completed reload, in  1.292 seconds
Domain Reload Profiling:
	ReloadAssembly (1293ms)
		BeginReloadAssembly (122ms)
			ExecutionOrderSort (0ms)
			DisableScriptedObjects (4ms)
			BackupInstance (0ms)
			ReleaseScriptingObjects (0ms)
			CreateAndSetChildDomain (16ms)
		EndReloadAssembly (1122ms)
			LoadAssemblies (76ms)
			RebuildTransferFunctionScriptingTraits (0ms)
			SetupTypeCache (243ms)
			ReleaseScriptCaches (0ms)
			RebuildScriptCaches (40ms)
			SetupLoadedEditorAssemblies (664ms)
				LogAssemblyErrors (0ms)
				InitializePlatformSupportModulesInManaged (4ms)
				SetLoadedEditorAssemblies (0ms)
				RefreshPlugins (39ms)
				BeforeProcessingInitializeOnLoad (60ms)
				ProcessInitializeOnLoadAttributes (547ms)
				ProcessInitializeOnLoadMethodAttributes (12ms)
				AfterProcessingInitializeOnLoad (2ms)
				EditorAssembliesLoaded (0ms)
			ExecutionOrderSort2 (0ms)
			AwakeInstancesAfterBackupRestoration (5ms)
Platform modules already initialized, skipping
========================================================================
Worker process is ready to serve import requests
Launched and connected shader compiler UnityShaderCompiler.exe after 0.05 seconds
Refreshing native plugins compatible for Editor in 0.61 ms, found 10 plugins.
Preloading 1 native plugins for Editor in 0.04 ms.
Unloading 2107 Unused Serialized files (Serialized files now loaded: 0)
System memory in use before: 96.9 MB.
System memory in use after: 96.8 MB.

Unloading 39 unused Assets to reduce memory usage. Loaded Objects now: 2567.
Total: 3.433000 ms (FindLiveObjects: 0.193100 ms CreateObjectMapping: 0.067100 ms MarkObjects: 3.096100 ms  DeleteObjects: 0.075900 ms)

AssetImportParameters requested are different than current active one (requested -> active):
  custom:framework-win-MediaFoundation: 216162199b28c13a410421893ffa2e32 -> 
  custom:video-decoder-ogg-theora: a1e56fd34408186e4bbccfd4996cb3dc -> 
  custom:container-muxer-webm: aa71ff27fc2769a1b78a27578f13a17b -> 
  custom:container-demuxer-webm: 4f35f7cbe854078d1ac9338744f61a02 -> 
  custom:container-demuxer-ogg: 62fdf1f143b41e24485cea50d1cbac27 -> 
  custom:video-encoder-webm-vp8: eb34c28f22e8b96e1ab97ce403110664 -> 
  custom:video-decoder-webm-vp8: 9c59270c3fd7afecdb556c50c9e8de78 -> 
  custom:audio-decoder-ogg-vorbis: bf7c407c2cedff20999df2af8eb42d56 -> 
  custom:audio-encoder-webm-vorbis: bf7c407c2cedff20999df2af8eb42d56 -> 
========================================================================
Received Import Request.
  path: Assets/informasiHologram.cs
  artifactKey: Guid(2a6d5d30c6dc1bf4c951c176013975b5) Importer(815301076,1909f56bfc062723c751e8b465ee728b)
Start importing Assets/informasiHologram.cs using Guid(2a6d5d30c6dc1bf4c951c176013975b5) Importer(815301076,1909f56bfc062723c751e8b465ee728b)  -> (artifact id: '0c9b520fd57be334f363612de65799f2') in 0.089465 seconds 
  Import took 0.113826 seconds .

========================================================================
Received Import Request.
  Time since last request: 143.409465 seconds.
  path: Assets/Prefabs/Template Orang.prefab
  artifactKey: Guid(36f3d25e7fd5c4a4a8b8df178d652c33) Importer(815301076,1909f56bfc062723c751e8b465ee728b)
Start importing Assets/Prefabs/Template Orang.prefab using Guid(36f3d25e7fd5c4a4a8b8df178d652c33) Importer(815301076,1909f56bfc062723c751e8b465ee728b)  -> (artifact id: '719733039c378fed14c76ca6be96b6eb') in 0.259522 seconds 
  Import took 0.313914 seconds .

========================================================================
Received Import Request.
  Time since last request: 352.295989 seconds.
  path: Assets/UI Desain/Page Bayar/revisi_menubayar/radiobox_active.png
  artifactKey: Guid(d9a5a799398381246b6973bd566a57a7) Importer(815301076,1909f56bfc062723c751e8b465ee728b)
Start importing Assets/UI Desain/Page Bayar/revisi_menubayar/radiobox_active.png using Guid(d9a5a799398381246b6973bd566a57a7) Importer(815301076,1909f56bfc062723c751e8b465ee728b)  -> (artifact id: 'a32da963ddcff52000a67b3068b8756e') in 0.088492 seconds 
  Import took 0.092086 seconds .

========================================================================
Received Import Request.
  Time since last request: 0.000292 seconds.
  path: Assets/UI Desain/Page Pembayaran/tombol_beliproduk 1.png
  artifactKey: Guid(a5a2d86aaaa77ef4e94e43756928d365) Importer(815301076,1909f56bfc062723c751e8b465ee728b)
Start importing Assets/UI Desain/Page Pembayaran/tombol_beliproduk 1.png using Guid(a5a2d86aaaa77ef4e94e43756928d365) Importer(815301076,1909f56bfc062723c751e8b465ee728b)  -> (artifact id: '5fa25184c3c4775c93fe6369dd197ed2') in 0.042963 seconds 
  Import took 0.045706 seconds .

========================================================================
Received Import Request.
  Time since last request: 0.000275 seconds.
  path: Assets/UI Desain/Page Pembayaran/tombol_tambah.png
  artifactKey: Guid(8d83c7143c39c0c4dbad3c19444f1555) Importer(815301076,1909f56bfc062723c751e8b465ee728b)
Start importing Assets/UI Desain/Page Pembayaran/tombol_tambah.png using Guid(8d83c7143c39c0c4dbad3c19444f1555) Importer(815301076,1909f56bfc062723c751e8b465ee728b)  -> (artifact id: '11541fa2fa7a55f62c9f588e7b8d5b43') in 0.010839 seconds 
  Import took 0.013549 seconds .

========================================================================
Received Import Request.
  Time since last request: 0.000273 seconds.
  path: Assets/UI Desain/Page Bayar/tombol_tambah.png
  artifactKey: Guid(46203a76352d8f64287d64746723ddcb) Importer(815301076,1909f56bfc062723c751e8b465ee728b)
Start importing Assets/UI Desain/Page Bayar/tombol_tambah.png using Guid(46203a76352d8f64287d64746723ddcb) Importer(815301076,1909f56bfc062723c751e8b465ee728b)  -> (artifact id: 'c4b129d0be5c87bd9c269e3dcf082206') in 0.020741 seconds 
  Import took 0.024076 seconds .

========================================================================
Received Import Request.
  Time since last request: 0.000269 seconds.
  path: Assets/UI Desain/Berhasil Memasukan Ke Keranjang/tombol_tutuppopup.png
  artifactKey: Guid(a8263fcf1ad69ed4d96856aef4018303) Importer(815301076,1909f56bfc062723c751e8b465ee728b)
Start importing Assets/UI Desain/Berhasil Memasukan Ke Keranjang/tombol_tutuppopup.png using Guid(a8263fcf1ad69ed4d96856aef4018303) Importer(815301076,1909f56bfc062723c751e8b465ee728b)  -> (artifact id: 'af62a97289ceec5b165ed1b5ec712b0d') in 0.080657 seconds 
  Import took 0.099514 seconds .

========================================================================
Received Import Request.
  Time since last request: 0.000279 seconds.
  path: Assets/UI Desain/Berhasil Memasukan Ke Keranjang/text_popuyp.png
  artifactKey: Guid(c1c502e24327c6442b1036162742fd63) Importer(815301076,1909f56bfc062723c751e8b465ee728b)
Start importing Assets/UI Desain/Berhasil Memasukan Ke Keranjang/text_popuyp.png using Guid(c1c502e24327c6442b1036162742fd63) Importer(815301076,1909f56bfc062723c751e8b465ee728b)  -> (artifact id: 'f60d4f1c21a72b4f0d88163528145cec') in 0.050566 seconds 
  Import took 0.092046 seconds .

========================================================================
Received Import Request.
  Time since last request: 0.000241 seconds.
  path: Assets/UI Desain/Page Pembayaran/tombol_beliproduk.png
  artifactKey: Guid(c80b1f46339479b49839f1621b4162e4) Importer(815301076,1909f56bfc062723c751e8b465ee728b)
Start importing Assets/UI Desain/Page Pembayaran/tombol_beliproduk.png using Guid(c80b1f46339479b49839f1621b4162e4) Importer(815301076,1909f56bfc062723c751e8b465ee728b)  -> (artifact id: '76ef81a4ccaca02c101149e1a4efbc14') in 0.010072 seconds 
  Import took 0.031571 seconds .

========================================================================
Received Import Request.
  Time since last request: 0.000272 seconds.
  path: Assets/UI Desain/Page Bayar/revisi_menubayar/radiobox_off.png
  artifactKey: Guid(4afdeaca7774ba04eaf008b0f37b854e) Importer(815301076,1909f56bfc062723c751e8b465ee728b)
Start importing Assets/UI Desain/Page Bayar/revisi_menubayar/radiobox_off.png using Guid(4afdeaca7774ba04eaf008b0f37b854e) Importer(815301076,1909f56bfc062723c751e8b465ee728b)  -> (artifact id: '9e311622f54ccae10a7ba9411347e8e3') in 0.009293 seconds 
  Import took 0.020346 seconds .

========================================================================
Received Import Request.
  Time since last request: 146.313455 seconds.
  path: Assets/UI Desain/Page Lihat Detail/tombol_lihatinvoice.png
  artifactKey: Guid(8da45ff4f30305a4abb8b25b0f770aca) Importer(815301076,1909f56bfc062723c751e8b465ee728b)
Start importing Assets/UI Desain/Page Lihat Detail/tombol_lihatinvoice.png using Guid(8da45ff4f30305a4abb8b25b0f770aca) Importer(815301076,1909f56bfc062723c751e8b465ee728b)  -> (artifact id: '22bf8cf73b421ac320c9bbbabbbee2fd') in 0.012521 seconds 
  Import took 0.048593 seconds .

========================================================================
Received Import Request.
  Time since last request: 0.081819 seconds.
  path: Assets/UI Desain/Page Lihat Detail/tombol_lihatinvoice.png
  artifactKey: Guid(8da45ff4f30305a4abb8b25b0f770aca) Importer(815301076,1909f56bfc062723c751e8b465ee728b)
Start importing Assets/UI Desain/Page Lihat Detail/tombol_lihatinvoice.png using Guid(8da45ff4f30305a4abb8b25b0f770aca) Importer(815301076,1909f56bfc062723c751e8b465ee728b)  -> (artifact id: '22bf8cf73b421ac320c9bbbabbbee2fd') in 0.006789 seconds 
  Import took 0.009803 seconds .

========================================================================
Received Import Request.
  Time since last request: 3.614853 seconds.
  path: Assets/UI Desain/Page Lihat Detail/tombol_lihatinvoice.png
  artifactKey: Guid(8da45ff4f30305a4abb8b25b0f770aca) Importer(815301076,1909f56bfc062723c751e8b465ee728b)
Start importing Assets/UI Desain/Page Lihat Detail/tombol_lihatinvoice.png using Guid(8da45ff4f30305a4abb8b25b0f770aca) Importer(815301076,1909f56bfc062723c751e8b465ee728b)  -> (artifact id: 'c5dfb5c7674482d4c49ba8ee30ea14fc') in 0.010571 seconds 
  Import took 0.017064 seconds .

AssetImportWorkerClient::OnTransportError - code=2 error=End of file
